<?xml version="1.0" encoding="UTF-8"?>
<!--

    netcell-node - A basic netcell node configuration
    Copyright (C) 2009  Adrian Cristian Ionescu - https://github.com/acionescu

    Licensed under the Apache License, Version 2.0 (the "License");
    you may not use this file except in compliance with the License.
    You may obtain a copy of the License at

            http://www.apache.org/licenses/LICENSE-2.0

    Unless required by applicable law or agreed to in writing, software
    distributed under the License is distributed on an "AS IS" BASIS,
    WITHOUT WARRANTIES OR CONDITIONS OF ANY KIND, either express or implied.
    See the License for the specific language governing permissions and
    limitations under the License.

-->
<!DOCTYPE entities SYSTEM "../../../dtds/entities.dtd">
<entities>
   <entity id="test.test-job" type="scheduled-job-definition">
      <property name="configData">
         <value>
            <entity type="config-data">
               <property name="userInputParams">
                  <value>
                     <map>
                        <entry key="ACTIVE">
                           <value>
                              <entity>
                                 <entity type="user-input-parameter">
                                    <property name="name"
                                       value="ACTIVE"></property>
                                    <property name="value"
                                       value="false"></property>
                                    <property name="type"
                                       value="Boolean"></property>
                                 </entity>
                              </entity>
                           </value>
                        </entry>
                        <entry key="FLOW_ID">
                           <value>
                              <entity>
                                 <entity type="user-input-parameter">
                                    <property name="name"
                                       value="FLOW_ID"></property>
                                    <property name="value"
                                       value="test.http.urls-processor"></property>
                                    <property name="type"
                                       value="String"></property>
                                 </entity>
                              </entity>
                           </value>
                        </entry>
                        <entry key="FLOW_INPUT_PARAMS">
                           <value>
                              <entity type="user-input-parameter">
                                 <property name="name"
                                    value="FLOW_INPUT_PARAMS"></property>
                                 <property name="inputType"
                                    value="MAP_VALUE"></property>
                                 <property name="value">
                                    <value>
                                       <list>
                                          <value>
                                             <entity
                                                type="user-input-parameter">
                                                <property name="name"
                                                   value="urlCount"></property>
                                                <property name="value"
                                                   value="20"></property>
                                                <property name="type"
                                                   value="Integer"></property>
                                             </entity>
                                          </value>
                                       </list>
                                    </value>
                                 </property>
                              </entity>
                           </value>
                        </entry>
                        <entry key="CRON_TRIGGER">
                           <value>
                              <entity type="user-input-parameter">
                                 <property name="name" value="CRON_TRIGGER"></property>
                                 <property name="value"
                                    value="0/10 * * * * ?"></property>
                                 <property name="type" value="String"></property>
                              </entity>
                           </value>
                        </entry>
                        <entry key="ALLOWED_CONCURENT_JOBS">
                           <value>
                              <entity type="user-input-parameter">
                                 <property name="name"
                                    value="ALLOWED_CONCURENT_JOBS"></property>
                                 <property name="value" value="1"></property>
                                 <property name="type" value="Integer"></property>
                              </entity>
                           </value>
                        </entry>
                        <entry key="MISSFIRE_INSTRUCTION">
                           <value>
                              <entity type="user-input-parameter">
                                 <property name="name"
                                    value="MISSFIRE_INSTRUCTION"></property>
                                 <property name="value"
                                    value="FIRE_WHEN_POSSIBLE"></property>
                                 <property name="type" value="String"></property>
                                 <property name="inputType"
                                    value="VALUE_FROM_LIST"></property>
                                 <property name="allowedValues">
                                    <value>
                                       <list>
                                          <value>FIRE_ONCE_NOW</value>
                                          <value>DO_NOTHING</value>
                                          <value>FIRE_WHEN_POSSIBLE
                                          </value>
                                       </list>
                                    </value>
                                 </property>
                              </entity>
                           </value>
                        </entry>
                     </map>
                  </value>
               </property>
               <property name="dynamicParams">
                  <value>
                     <map>
                        <entry key="MISSFIRE_VALUE">
                           <value>
                              <entity type="dynamic-config-parameter">
                                 <property name="name"
                                    value="MISSFIRE_VALUE"></property>
                                 <property name="sourceParamName"
                                    value="MISSFIRE_INSTRUCTION"></property>
                                 <property name="mappedValues">
                                    <value>
                                       <map>
                                          <entry key="FIRE_ONCE_NOW"
                                             value="1" type="Integer"></entry>
                                          <entry key="DO_NOTHING"
                                             value="2" type="Integer"></entry>
                                          <entry key="FIRE_WHEN_POSSIBLE"
                                             value="3" type="Integer"></entry>
                                       </map>
                                    </value>
                                 </property>
                              </entity>
                           </value>
                        </entry>
                     </map>
                  </value>
               </property>
            </entity>
         </value>
      </property>
   </entity>
</entities>